<?xml version="1.0" encoding="UTF-8"?>
<!-- Generated by org.testng.reporters.JUnitReportReporter -->
<testsuite skipped="0" hostname="LAPTOP-N5KUAGO6" name="mavenTraining.westpacTest" tests="2" failures="0" timestamp="2020-05-07T23:46:47 NZST" time="19.958" errors="0">
  <testcase name="westpacTest" time="9.893" classname="mavenTraining.westpacTest"/>
  <system-out/>
  <testcase name="westpacTest" time="10.065" classname="mavenTraining.westpacTest"/>
  <system-out/>
</testsuite> <!-- mavenTraining.westpacTest -->
