<?xml version="1.0" encoding="UTF-8"?>
<!-- Generated by org.testng.reporters.JUnitReportReporter -->
<testsuite skipped="0" hostname="LAPTOP-N5KUAGO6" name="mavenTraining.westpacTest" tests="2" failures="0" timestamp="2020-05-08T22:47:00 NZST" time="19.243" errors="0">
  <testcase name="westpacTest" time="10.196" classname="mavenTraining.westpacTest"/>
  <system-out/>
  <testcase name="westpacTest" time="9.047" classname="mavenTraining.westpacTest"/>
  <system-out/>
</testsuite> <!-- mavenTraining.westpacTest -->
